/home/developer/ros2_ws/install/ps5/lib/python3.10/site-packages/ps5/test_haptic_input.py
/home/developer/ros2_ws/install/ps5/lib/python3.10/site-packages/ps5/haptic_controller.py
/home/developer/ros2_ws/install/ps5/lib/python3.10/site-packages/ps5/ps5_controller.py
/home/developer/ros2_ws/install/ps5/lib/python3.10/site-packages/ps5/ps5_haptic.py
/home/developer/ros2_ws/install/ps5/lib/python3.10/site-packages/ps5/__init__.py
/home/developer/ros2_ws/install/ps5/lib/python3.10/site-packages/ps5/__pycache__/test_haptic_input.cpython-310.pyc
/home/developer/ros2_ws/install/ps5/lib/python3.10/site-packages/ps5/__pycache__/haptic_controller.cpython-310.pyc
/home/developer/ros2_ws/install/ps5/lib/python3.10/site-packages/ps5/__pycache__/ps5_controller.cpython-310.pyc
/home/developer/ros2_ws/install/ps5/lib/python3.10/site-packages/ps5/__pycache__/ps5_haptic.cpython-310.pyc
/home/developer/ros2_ws/install/ps5/lib/python3.10/site-packages/ps5/__pycache__/__init__.cpython-310.pyc
/home/developer/ros2_ws/install/ps5/share/ament_index/resource_index/packages/ps5
/home/developer/ros2_ws/install/ps5/share/ps5/package.xml
/home/developer/ros2_ws/install/ps5/share/ps5/launch/ps5.launch.py
/home/developer/ros2_ws/install/ps5/lib/python3.10/site-packages/ps5-0.0.0-py3.10.egg-info/entry_points.txt
/home/developer/ros2_ws/install/ps5/lib/python3.10/site-packages/ps5-0.0.0-py3.10.egg-info/top_level.txt
/home/developer/ros2_ws/install/ps5/lib/python3.10/site-packages/ps5-0.0.0-py3.10.egg-info/requires.txt
/home/developer/ros2_ws/install/ps5/lib/python3.10/site-packages/ps5-0.0.0-py3.10.egg-info/SOURCES.txt
/home/developer/ros2_ws/install/ps5/lib/python3.10/site-packages/ps5-0.0.0-py3.10.egg-info/dependency_links.txt
/home/developer/ros2_ws/install/ps5/lib/python3.10/site-packages/ps5-0.0.0-py3.10.egg-info/PKG-INFO
/home/developer/ros2_ws/install/ps5/lib/python3.10/site-packages/ps5-0.0.0-py3.10.egg-info/zip-safe
/home/developer/ros2_ws/install/ps5/lib/ps5/ps5_control_node
/home/developer/ros2_ws/install/ps5/lib/ps5/ps5_haptic
