running egg_info
creating ../../build/ps5/ps5.egg-info
writing ../../build/ps5/ps5.egg-info/PKG-INFO
writing dependency_links to ../../build/ps5/ps5.egg-info/dependency_links.txt
writing entry points to ../../build/ps5/ps5.egg-info/entry_points.txt
writing requirements to ../../build/ps5/ps5.egg-info/requires.txt
writing top-level names to ../../build/ps5/ps5.egg-info/top_level.txt
writing manifest file '../../build/ps5/ps5.egg-info/SOURCES.txt'
reading manifest file '../../build/ps5/ps5.egg-info/SOURCES.txt'
writing manifest file '../../build/ps5/ps5.egg-info/SOURCES.txt'
running build
running build_py
creating /workspaces/ros2_ws/build/ps5/build
creating /workspaces/ros2_ws/build/ps5/build/lib
creating /workspaces/ros2_ws/build/ps5/build/lib/ps5
copying ps5/ps5_controller.py -> /workspaces/ros2_ws/build/ps5/build/lib/ps5
copying ps5/ps5_haptic.py -> /workspaces/ros2_ws/build/ps5/build/lib/ps5
copying ps5/haptic_controller.py -> /workspaces/ros2_ws/build/ps5/build/lib/ps5
copying ps5/__init__.py -> /workspaces/ros2_ws/build/ps5/build/lib/ps5
running install
running install_lib
creating /workspaces/ros2_ws/install/ps5/lib/python3.10/site-packages/ps5
copying /workspaces/ros2_ws/build/ps5/build/lib/ps5/ps5_controller.py -> /workspaces/ros2_ws/install/ps5/lib/python3.10/site-packages/ps5
copying /workspaces/ros2_ws/build/ps5/build/lib/ps5/ps5_haptic.py -> /workspaces/ros2_ws/install/ps5/lib/python3.10/site-packages/ps5
copying /workspaces/ros2_ws/build/ps5/build/lib/ps5/haptic_controller.py -> /workspaces/ros2_ws/install/ps5/lib/python3.10/site-packages/ps5
copying /workspaces/ros2_ws/build/ps5/build/lib/ps5/__init__.py -> /workspaces/ros2_ws/install/ps5/lib/python3.10/site-packages/ps5
byte-compiling /workspaces/ros2_ws/install/ps5/lib/python3.10/site-packages/ps5/ps5_controller.py to ps5_controller.cpython-310.pyc
byte-compiling /workspaces/ros2_ws/install/ps5/lib/python3.10/site-packages/ps5/ps5_haptic.py to ps5_haptic.cpython-310.pyc
byte-compiling /workspaces/ros2_ws/install/ps5/lib/python3.10/site-packages/ps5/haptic_controller.py to haptic_controller.cpython-310.pyc
byte-compiling /workspaces/ros2_ws/install/ps5/lib/python3.10/site-packages/ps5/__init__.py to __init__.cpython-310.pyc
running install_data
creating /workspaces/ros2_ws/install/ps5/share/ament_index
creating /workspaces/ros2_ws/install/ps5/share/ament_index/resource_index
creating /workspaces/ros2_ws/install/ps5/share/ament_index/resource_index/packages
copying resource/ps5 -> /workspaces/ros2_ws/install/ps5/share/ament_index/resource_index/packages
copying package.xml -> /workspaces/ros2_ws/install/ps5/share/ps5
creating /workspaces/ros2_ws/install/ps5/share/ps5/launch
copying launch/ps5.launch.py -> /workspaces/ros2_ws/install/ps5/share/ps5/launch
running install_egg_info
Copying ../../build/ps5/ps5.egg-info to /workspaces/ros2_ws/install/ps5/lib/python3.10/site-packages/ps5-0.0.0-py3.10.egg-info
running install_scripts
Installing ps5_haptic script to /workspaces/ros2_ws/install/ps5/lib/ps5
writing list of installed files to '/workspaces/ros2_ws/build/ps5/install.log'
