[0.522s] Invoking command in '/workspaces/ros2_ws/src/ps5': PYTHONPATH=/workspaces/ros2_ws/build/ps5/prefix_override:/usr/lib/python3/dist-packages/colcon_core/task/python/colcon_distutils_commands:/workspaces/ros2_ws/install/ps5/lib/python3.10/site-packages:${PYTHONPATH} VIRTUAL_ENV_PROMPT=(.venv) /usr/bin/python3 -W ignore:setup.py install is deprecated -W ignore:easy_install command is deprecated setup.py egg_info --egg-base ../../build/ps5 build --build-base /workspaces/ros2_ws/build/ps5/build install --record /workspaces/ros2_ws/build/ps5/install.log --single-version-externally-managed install_data
[0.684s] running egg_info
[0.684s] creating ../../build/ps5/ps5.egg-info
[0.684s] writing ../../build/ps5/ps5.egg-info/PKG-INFO
[0.684s] writing dependency_links to ../../build/ps5/ps5.egg-info/dependency_links.txt
[0.684s] writing entry points to ../../build/ps5/ps5.egg-info/entry_points.txt
[0.684s] writing requirements to ../../build/ps5/ps5.egg-info/requires.txt
[0.685s] writing top-level names to ../../build/ps5/ps5.egg-info/top_level.txt
[0.685s] writing manifest file '../../build/ps5/ps5.egg-info/SOURCES.txt'
[0.685s] reading manifest file '../../build/ps5/ps5.egg-info/SOURCES.txt'
[0.686s] writing manifest file '../../build/ps5/ps5.egg-info/SOURCES.txt'
[0.686s] running build
[0.686s] running build_py
[0.686s] creating /workspaces/ros2_ws/build/ps5/build
[0.686s] creating /workspaces/ros2_ws/build/ps5/build/lib
[0.686s] creating /workspaces/ros2_ws/build/ps5/build/lib/ps5
[0.686s] copying ps5/ps5_controller.py -> /workspaces/ros2_ws/build/ps5/build/lib/ps5
[0.686s] copying ps5/ps5_haptic.py -> /workspaces/ros2_ws/build/ps5/build/lib/ps5
[0.687s] copying ps5/haptic_controller.py -> /workspaces/ros2_ws/build/ps5/build/lib/ps5
[0.687s] copying ps5/__init__.py -> /workspaces/ros2_ws/build/ps5/build/lib/ps5
[0.687s] running install
[0.687s] running install_lib
[0.687s] creating /workspaces/ros2_ws/install/ps5/lib/python3.10/site-packages/ps5
[0.688s] copying /workspaces/ros2_ws/build/ps5/build/lib/ps5/ps5_controller.py -> /workspaces/ros2_ws/install/ps5/lib/python3.10/site-packages/ps5
[0.688s] copying /workspaces/ros2_ws/build/ps5/build/lib/ps5/ps5_haptic.py -> /workspaces/ros2_ws/install/ps5/lib/python3.10/site-packages/ps5
[0.688s] copying /workspaces/ros2_ws/build/ps5/build/lib/ps5/haptic_controller.py -> /workspaces/ros2_ws/install/ps5/lib/python3.10/site-packages/ps5
[0.688s] copying /workspaces/ros2_ws/build/ps5/build/lib/ps5/__init__.py -> /workspaces/ros2_ws/install/ps5/lib/python3.10/site-packages/ps5
[0.688s] byte-compiling /workspaces/ros2_ws/install/ps5/lib/python3.10/site-packages/ps5/ps5_controller.py to ps5_controller.cpython-310.pyc
[0.688s] byte-compiling /workspaces/ros2_ws/install/ps5/lib/python3.10/site-packages/ps5/ps5_haptic.py to ps5_haptic.cpython-310.pyc
[0.689s] byte-compiling /workspaces/ros2_ws/install/ps5/lib/python3.10/site-packages/ps5/haptic_controller.py to haptic_controller.cpython-310.pyc
[0.689s] byte-compiling /workspaces/ros2_ws/install/ps5/lib/python3.10/site-packages/ps5/__init__.py to __init__.cpython-310.pyc
[0.689s] running install_data
[0.689s] creating /workspaces/ros2_ws/install/ps5/share/ament_index
[0.689s] creating /workspaces/ros2_ws/install/ps5/share/ament_index/resource_index
[0.689s] creating /workspaces/ros2_ws/install/ps5/share/ament_index/resource_index/packages
[0.689s] copying resource/ps5 -> /workspaces/ros2_ws/install/ps5/share/ament_index/resource_index/packages
[0.689s] copying package.xml -> /workspaces/ros2_ws/install/ps5/share/ps5
[0.689s] creating /workspaces/ros2_ws/install/ps5/share/ps5/launch
[0.689s] copying launch/ps5.launch.py -> /workspaces/ros2_ws/install/ps5/share/ps5/launch
[0.690s] running install_egg_info
[0.691s] Copying ../../build/ps5/ps5.egg-info to /workspaces/ros2_ws/install/ps5/lib/python3.10/site-packages/ps5-0.0.0-py3.10.egg-info
[0.691s] running install_scripts
[0.706s] Installing ps5_haptic script to /workspaces/ros2_ws/install/ps5/lib/ps5
[0.706s] writing list of installed files to '/workspaces/ros2_ws/build/ps5/install.log'
[0.731s] Invoked command in '/workspaces/ros2_ws/src/ps5' returned '0': PYTHONPATH=/workspaces/ros2_ws/build/ps5/prefix_override:/usr/lib/python3/dist-packages/colcon_core/task/python/colcon_distutils_commands:/workspaces/ros2_ws/install/ps5/lib/python3.10/site-packages:${PYTHONPATH} VIRTUAL_ENV_PROMPT=(.venv) /usr/bin/python3 -W ignore:setup.py install is deprecated -W ignore:easy_install command is deprecated setup.py egg_info --egg-base ../../build/ps5 build --build-base /workspaces/ros2_ws/build/ps5/build install --record /workspaces/ros2_ws/build/ps5/install.log --single-version-externally-managed install_data
