[0.641s] Invoking command in '/workspaces/ros2_ws/build/robot_gazebo': PYTHONPATH=/workspaces/ros2_ws/build/robot_gazebo/prefix_override:/usr/lib/python3/dist-packages/colcon_core/task/python/colcon_distutils_commands:/workspaces/ros2_ws/install/robot_gazebo/lib/python3.10/site-packages:${PYTHONPATH} /usr/bin/python3 -W ignore:setup.py install is deprecated -W ignore:easy_install command is deprecated setup.py develop --editable --build-directory /workspaces/ros2_ws/build/robot_gazebo/build --no-deps symlink_data
[0.831s] running develop
[0.937s] running egg_info
[0.937s] creating robot_gazebo.egg-info
[0.937s] writing robot_gazebo.egg-info/PKG-INFO
[0.937s] writing dependency_links to robot_gazebo.egg-info/dependency_links.txt
[0.938s] writing entry points to robot_gazebo.egg-info/entry_points.txt
[0.938s] writing requirements to robot_gazebo.egg-info/requires.txt
[0.938s] writing top-level names to robot_gazebo.egg-info/top_level.txt
[0.938s] writing manifest file 'robot_gazebo.egg-info/SOURCES.txt'
[0.940s] reading manifest file 'robot_gazebo.egg-info/SOURCES.txt'
[0.941s] writing manifest file 'robot_gazebo.egg-info/SOURCES.txt'
[0.942s] running build_ext
[0.942s] Creating /workspaces/ros2_ws/install/robot_gazebo/lib/python3.10/site-packages/robot-gazebo.egg-link (link to .)
[0.943s] Installing teleop_key_control script to /workspaces/ros2_ws/install/robot_gazebo/lib/robot_gazebo
[0.943s] 
[0.943s] Installed /workspaces/ros2_ws/build/robot_gazebo
[0.943s] running symlink_data
[0.943s] creating /workspaces/ros2_ws/install/robot_gazebo/share/ament_index
[0.943s] creating /workspaces/ros2_ws/install/robot_gazebo/share/ament_index/resource_index
[0.943s] creating /workspaces/ros2_ws/install/robot_gazebo/share/ament_index/resource_index/packages
[0.943s] symbolically linking /workspaces/ros2_ws/build/robot_gazebo/resource/robot_gazebo -> /workspaces/ros2_ws/install/robot_gazebo/share/ament_index/resource_index/packages
[0.944s] symbolically linking /workspaces/ros2_ws/build/robot_gazebo/package.xml -> /workspaces/ros2_ws/install/robot_gazebo/share/robot_gazebo
[0.944s] creating /workspaces/ros2_ws/install/robot_gazebo/share/robot_gazebo/launch
[0.944s] symbolically linking /workspaces/ros2_ws/build/robot_gazebo/launch/spawn_objects.launch.py -> /workspaces/ros2_ws/install/robot_gazebo/share/robot_gazebo/launch
[0.944s] symbolically linking /workspaces/ros2_ws/build/robot_gazebo/launch/spwan_model.launch.py -> /workspaces/ros2_ws/install/robot_gazebo/share/robot_gazebo/launch
[0.944s] symbolically linking /workspaces/ros2_ws/build/robot_gazebo/launch/ros_ign_bridge.launch.py -> /workspaces/ros2_ws/install/robot_gazebo/share/robot_gazebo/launch
[0.944s] symbolically linking /workspaces/ros2_ws/build/robot_gazebo/launch/spawn_model.launch.py -> /workspaces/ros2_ws/install/robot_gazebo/share/robot_gazebo/launch
[0.944s] symbolically linking /workspaces/ros2_ws/build/robot_gazebo/launch/room_worlds.launch.py -> /workspaces/ros2_ws/install/robot_gazebo/share/robot_gazebo/launch
[0.944s] symbolically linking /workspaces/ros2_ws/build/robot_gazebo/launch/worlds.launch.py -> /workspaces/ros2_ws/install/robot_gazebo/share/robot_gazebo/launch
[0.944s] creating /workspaces/ros2_ws/install/robot_gazebo/share/robot_gazebo/urdf
[0.945s] symbolically linking /workspaces/ros2_ws/build/robot_gazebo/urdf/lidar.gazebo.xacro -> /workspaces/ros2_ws/install/robot_gazebo/share/robot_gazebo/urdf
[0.945s] symbolically linking /workspaces/ros2_ws/build/robot_gazebo/urdf/wheel.xacro -> /workspaces/ros2_ws/install/robot_gazebo/share/robot_gazebo/urdf
[0.945s] symbolically linking /workspaces/ros2_ws/build/robot_gazebo/urdf/imu.gazebo.xacro -> /workspaces/ros2_ws/install/robot_gazebo/share/robot_gazebo/urdf
[0.945s] symbolically linking /workspaces/ros2_ws/build/robot_gazebo/urdf/robot.gazebo.xacro -> /workspaces/ros2_ws/install/robot_gazebo/share/robot_gazebo/urdf
[0.945s] symbolically linking /workspaces/ros2_ws/build/robot_gazebo/urdf/camera.gazebo.xacro -> /workspaces/ros2_ws/install/robot_gazebo/share/robot_gazebo/urdf
[0.945s] creating /workspaces/ros2_ws/install/robot_gazebo/share/robot_gazebo/config
[0.945s] symbolically linking /workspaces/ros2_ws/build/robot_gazebo/config/nav2_params.yaml -> /workspaces/ros2_ws/install/robot_gazebo/share/robot_gazebo/config
[0.946s] symbolically linking /workspaces/ros2_ws/build/robot_gazebo/config/robot_config.yaml -> /workspaces/ros2_ws/install/robot_gazebo/share/robot_gazebo/config
[0.946s] symbolically linking /workspaces/ros2_ws/build/robot_gazebo/config/slam.yaml -> /workspaces/ros2_ws/install/robot_gazebo/share/robot_gazebo/config
[0.946s] symbolically linking /workspaces/ros2_ws/build/robot_gazebo/config/localization.yaml -> /workspaces/ros2_ws/install/robot_gazebo/share/robot_gazebo/config
[0.946s] creating /workspaces/ros2_ws/install/robot_gazebo/share/robot_gazebo/worlds
[0.946s] symbolically linking /workspaces/ros2_ws/build/robot_gazebo/worlds/empty.sdf -> /workspaces/ros2_ws/install/robot_gazebo/share/robot_gazebo/worlds
[0.946s] symbolically linking /workspaces/ros2_ws/build/robot_gazebo/worlds/robocup_home.sdf -> /workspaces/ros2_ws/install/robot_gazebo/share/robot_gazebo/worlds
[0.946s] creating /workspaces/ros2_ws/install/robot_gazebo/share/robot_gazebo/rviz
[0.946s] symbolically linking /workspaces/ros2_ws/build/robot_gazebo/rviz/nav_nav2.rviz -> /workspaces/ros2_ws/install/robot_gazebo/share/robot_gazebo/rviz
[0.946s] symbolically linking /workspaces/ros2_ws/build/robot_gazebo/rviz/slam.rviz -> /workspaces/ros2_ws/install/robot_gazebo/share/robot_gazebo/rviz
[0.946s] creating /workspaces/ros2_ws/install/robot_gazebo/share/robot_gazebo/maps
[0.946s] symbolically linking /workspaces/ros2_ws/build/robot_gazebo/maps/map_01.yaml -> /workspaces/ros2_ws/install/robot_gazebo/share/robot_gazebo/maps
[0.946s] symbolically linking /workspaces/ros2_ws/build/robot_gazebo/maps/map_01.pgm -> /workspaces/ros2_ws/install/robot_gazebo/share/robot_gazebo/maps
[0.947s] creating /workspaces/ros2_ws/install/robot_gazebo/share/robot_gazebo/launch/include
[0.947s] symbolically linking /workspaces/ros2_ws/build/robot_gazebo/launch/include/slam.launch.py -> /workspaces/ros2_ws/install/robot_gazebo/share/robot_gazebo/launch/include
[0.947s] symbolically linking /workspaces/ros2_ws/build/robot_gazebo/launch/include/localization.launch.py -> /workspaces/ros2_ws/install/robot_gazebo/share/robot_gazebo/launch/include
[0.947s] symbolically linking /workspaces/ros2_ws/build/robot_gazebo/launch/include/navigation.launch.py -> /workspaces/ros2_ws/install/robot_gazebo/share/robot_gazebo/launch/include
[0.947s] creating /workspaces/ros2_ws/install/robot_gazebo/share/robot_gazebo/meshes
[0.947s] symbolically linking /workspaces/ros2_ws/build/robot_gazebo/meshes/sofa.dae -> /workspaces/ros2_ws/install/robot_gazebo/share/robot_gazebo/meshes
[0.947s] symbolically linking /workspaces/ros2_ws/build/robot_gazebo/meshes/bed.dae -> /workspaces/ros2_ws/install/robot_gazebo/share/robot_gazebo/meshes
[0.947s] symbolically linking /workspaces/ros2_ws/build/robot_gazebo/meshes/tea_table.dae -> /workspaces/ros2_ws/install/robot_gazebo/share/robot_gazebo/meshes
[0.947s] symbolically linking /workspaces/ros2_ws/build/robot_gazebo/meshes/table.dae -> /workspaces/ros2_ws/install/robot_gazebo/share/robot_gazebo/meshes
[0.947s] symbolically linking /workspaces/ros2_ws/build/robot_gazebo/meshes/cupboard.dae -> /workspaces/ros2_ws/install/robot_gazebo/share/robot_gazebo/meshes
[0.947s] symbolically linking /workspaces/ros2_ws/build/robot_gazebo/meshes/bookshelft.dae -> /workspaces/ros2_ws/install/robot_gazebo/share/robot_gazebo/meshes
[0.948s] symbolically linking /workspaces/ros2_ws/build/robot_gazebo/meshes/chair.dae -> /workspaces/ros2_ws/install/robot_gazebo/share/robot_gazebo/meshes
[0.948s] symbolically linking /workspaces/ros2_ws/build/robot_gazebo/meshes/bottle.stl -> /workspaces/ros2_ws/install/robot_gazebo/share/robot_gazebo/meshes
[0.948s] creating /workspaces/ros2_ws/install/robot_gazebo/share/robot_gazebo/meshes/bed
[0.948s] symbolically linking /workspaces/ros2_ws/build/robot_gazebo/meshes/bed/Wood_Bamboo.jpg -> /workspaces/ros2_ws/install/robot_gazebo/share/robot_gazebo/meshes/bed
[0.948s] symbolically linking /workspaces/ros2_ws/build/robot_gazebo/meshes/bed/Carpet_Pattern_Squares_Multi.jpg -> /workspaces/ros2_ws/install/robot_gazebo/share/robot_gazebo/meshes/bed
[0.948s] creating /workspaces/ros2_ws/install/robot_gazebo/share/robot_gazebo/meshes/bookshelft
[0.948s] symbolically linking /workspaces/ros2_ws/build/robot_gazebo/meshes/bookshelft/Wood_Veneer_02.jpg -> /workspaces/ros2_ws/install/robot_gazebo/share/robot_gazebo/meshes/bookshelft
[0.948s] creating /workspaces/ros2_ws/install/robot_gazebo/share/robot_gazebo/meshes/chair
[0.948s] symbolically linking /workspaces/ros2_ws/build/robot_gazebo/meshes/chair/Wood_Cherry_Original.jpg -> /workspaces/ros2_ws/install/robot_gazebo/share/robot_gazebo/meshes/chair
[0.948s] creating /workspaces/ros2_ws/install/robot_gazebo/share/robot_gazebo/meshes/cupboard
[0.948s] symbolically linking /workspaces/ros2_ws/build/robot_gazebo/meshes/cupboard/Wood_Veneer_02.jpg -> /workspaces/ros2_ws/install/robot_gazebo/share/robot_gazebo/meshes/cupboard
[0.948s] creating /workspaces/ros2_ws/install/robot_gazebo/share/robot_gazebo/meshes/sofa
[0.948s] symbolically linking /workspaces/ros2_ws/build/robot_gazebo/meshes/sofa/Carpet_Loop_Pattern.jpg -> /workspaces/ros2_ws/install/robot_gazebo/share/robot_gazebo/meshes/sofa
[0.948s] creating /workspaces/ros2_ws/install/robot_gazebo/share/robot_gazebo/meshes/table
[0.948s] symbolically linking /workspaces/ros2_ws/build/robot_gazebo/meshes/tea_table/Wood_Cherry_Original.jpg -> /workspaces/ros2_ws/install/robot_gazebo/share/robot_gazebo/meshes/table
[0.948s] creating /workspaces/ros2_ws/install/robot_gazebo/share/robot_gazebo/meshes/tea_table
[0.948s] symbolically linking /workspaces/ros2_ws/build/robot_gazebo/meshes/tea_table/Wood_Cherry_Original.jpg -> /workspaces/ros2_ws/install/robot_gazebo/share/robot_gazebo/meshes/tea_table
[0.948s] creating /workspaces/ros2_ws/install/robot_gazebo/share/robot_gazebo/meshes/wpr1
[0.948s] symbolically linking /workspaces/ros2_ws/build/robot_gazebo/meshes/wpr1/forearm.dae -> /workspaces/ros2_ws/install/robot_gazebo/share/robot_gazebo/meshes/wpr1
[0.948s] symbolically linking /workspaces/ros2_ws/build/robot_gazebo/meshes/wpr1/palm.dae -> /workspaces/ros2_ws/install/robot_gazebo/share/robot_gazebo/meshes/wpr1
[0.948s] symbolically linking /workspaces/ros2_ws/build/robot_gazebo/meshes/wpr1/upperarm.dae -> /workspaces/ros2_ws/install/robot_gazebo/share/robot_gazebo/meshes/wpr1
[0.948s] symbolically linking /workspaces/ros2_ws/build/robot_gazebo/meshes/wpr1/torso.dae -> /workspaces/ros2_ws/install/robot_gazebo/share/robot_gazebo/meshes/wpr1
[0.948s] symbolically linking /workspaces/ros2_ws/build/robot_gazebo/meshes/wpr1/base.dae -> /workspaces/ros2_ws/install/robot_gazebo/share/robot_gazebo/meshes/wpr1
[0.949s] symbolically linking /workspaces/ros2_ws/build/robot_gazebo/meshes/wpr1/fingertip.dae -> /workspaces/ros2_ws/install/robot_gazebo/share/robot_gazebo/meshes/wpr1
[0.949s] symbolically linking /workspaces/ros2_ws/build/robot_gazebo/meshes/wpr1/finger.dae -> /workspaces/ros2_ws/install/robot_gazebo/share/robot_gazebo/meshes/wpr1
[0.949s] creating /workspaces/ros2_ws/install/robot_gazebo/share/robot_gazebo/models
[0.949s] symbolically linking /workspaces/ros2_ws/build/robot_gazebo/models/bookshelft.model -> /workspaces/ros2_ws/install/robot_gazebo/share/robot_gazebo/models
[0.949s] symbolically linking /workspaces/ros2_ws/build/robot_gazebo/models/sofa.model -> /workspaces/ros2_ws/install/robot_gazebo/share/robot_gazebo/models
[0.949s] symbolically linking /workspaces/ros2_ws/build/robot_gazebo/models/bed.model -> /workspaces/ros2_ws/install/robot_gazebo/share/robot_gazebo/models
[0.949s] symbolically linking /workspaces/ros2_ws/build/robot_gazebo/models/kai_standing.model -> /workspaces/ros2_ws/install/robot_gazebo/share/robot_gazebo/models
[0.949s] symbolically linking /workspaces/ros2_ws/build/robot_gazebo/models/tea_table.model -> /workspaces/ros2_ws/install/robot_gazebo/share/robot_gazebo/models
[0.949s] creating /workspaces/ros2_ws/install/robot_gazebo/share/robot_gazebo/models/bed
[0.949s] creating /workspaces/ros2_ws/install/robot_gazebo/share/robot_gazebo/models/bottles
[0.949s] symbolically linking /workspaces/ros2_ws/build/robot_gazebo/models/bottles/red_bottle.model -> /workspaces/ros2_ws/install/robot_gazebo/share/robot_gazebo/models/bottles
[0.949s] symbolically linking /workspaces/ros2_ws/build/robot_gazebo/models/bottles/green_bottle.model -> /workspaces/ros2_ws/install/robot_gazebo/share/robot_gazebo/models/bottles
[0.949s] creating /workspaces/ros2_ws/install/robot_gazebo/share/robot_gazebo/models/cupboard
[0.949s] symbolically linking /workspaces/ros2_ws/build/robot_gazebo/models/cupboard/cupboard_1.model -> /workspaces/ros2_ws/install/robot_gazebo/share/robot_gazebo/models/cupboard
[0.949s] symbolically linking /workspaces/ros2_ws/build/robot_gazebo/models/cupboard/cupboard_0.model -> /workspaces/ros2_ws/install/robot_gazebo/share/robot_gazebo/models/cupboard
[0.949s] creating /workspaces/ros2_ws/install/robot_gazebo/share/robot_gazebo/models/table
[0.949s] symbolically linking /workspaces/ros2_ws/build/robot_gazebo/models/table/dinning_table_3.model -> /workspaces/ros2_ws/install/robot_gazebo/share/robot_gazebo/models/table
[0.949s] symbolically linking /workspaces/ros2_ws/build/robot_gazebo/models/table/dinning_table_2.model -> /workspaces/ros2_ws/install/robot_gazebo/share/robot_gazebo/models/table
[0.949s] symbolically linking /workspaces/ros2_ws/build/robot_gazebo/models/table/dinning_table_0.model -> /workspaces/ros2_ws/install/robot_gazebo/share/robot_gazebo/models/table
[0.949s] symbolically linking /workspaces/ros2_ws/build/robot_gazebo/models/table/kitchen_table.model -> /workspaces/ros2_ws/install/robot_gazebo/share/robot_gazebo/models/table
[0.949s] symbolically linking /workspaces/ros2_ws/build/robot_gazebo/models/table/dinning_table_1.model -> /workspaces/ros2_ws/install/robot_gazebo/share/robot_gazebo/models/table
[0.949s] creating /workspaces/ros2_ws/install/robot_gazebo/share/robot_gazebo/models/chair
[0.949s] symbolically linking /workspaces/ros2_ws/build/robot_gazebo/models/chair/chair_3.model -> /workspaces/ros2_ws/install/robot_gazebo/share/robot_gazebo/models/chair
[0.949s] symbolically linking /workspaces/ros2_ws/build/robot_gazebo/models/chair/chair_1.model -> /workspaces/ros2_ws/install/robot_gazebo/share/robot_gazebo/models/chair
[0.949s] symbolically linking /workspaces/ros2_ws/build/robot_gazebo/models/chair/chair_2.model -> /workspaces/ros2_ws/install/robot_gazebo/share/robot_gazebo/models/chair
[0.949s] symbolically linking /workspaces/ros2_ws/build/robot_gazebo/models/chair/chair_0.model -> /workspaces/ros2_ws/install/robot_gazebo/share/robot_gazebo/models/chair
[0.984s] Invoked command in '/workspaces/ros2_ws/build/robot_gazebo' returned '0': PYTHONPATH=/workspaces/ros2_ws/build/robot_gazebo/prefix_override:/usr/lib/python3/dist-packages/colcon_core/task/python/colcon_distutils_commands:/workspaces/ros2_ws/install/robot_gazebo/lib/python3.10/site-packages:${PYTHONPATH} /usr/bin/python3 -W ignore:setup.py install is deprecated -W ignore:easy_install command is deprecated setup.py develop --editable --build-directory /workspaces/ros2_ws/build/robot_gazebo/build --no-deps symlink_data
