[0.628s] Invoking command in '/workspaces/ros2_ws/build/rosorin_description': PYTHONPATH=/workspaces/ros2_ws/build/rosorin_description/prefix_override:/usr/lib/python3/dist-packages/colcon_core/task/python/colcon_distutils_commands:/workspaces/ros2_ws/install/rosorin_description/lib/python3.10/site-packages:${PYTHONPATH} /usr/bin/python3 -W ignore:setup.py install is deprecated -W ignore:easy_install command is deprecated setup.py develop --editable --build-directory /workspaces/ros2_ws/build/rosorin_description/build --no-deps symlink_data
[0.826s] running develop
[0.932s] running egg_info
[0.932s] creating rosorin_description.egg-info
[0.932s] writing rosorin_description.egg-info/PKG-INFO
[0.932s] writing dependency_links to rosorin_description.egg-info/dependency_links.txt
[0.932s] writing entry points to rosorin_description.egg-info/entry_points.txt
[0.932s] writing requirements to rosorin_description.egg-info/requires.txt
[0.932s] writing top-level names to rosorin_description.egg-info/top_level.txt
[0.933s] writing manifest file 'rosorin_description.egg-info/SOURCES.txt'
[0.934s] reading manifest file 'rosorin_description.egg-info/SOURCES.txt'
[0.935s] writing manifest file 'rosorin_description.egg-info/SOURCES.txt'
[0.936s] running build_ext
[0.936s] Creating /workspaces/ros2_ws/install/rosorin_description/lib/python3.10/site-packages/rosorin-description.egg-link (link to .)
[0.937s] 
[0.937s] Installed /workspaces/ros2_ws/build/rosorin_description
[0.937s] running symlink_data
[0.937s] creating /workspaces/ros2_ws/install/rosorin_description/share/ament_index
[0.938s] creating /workspaces/ros2_ws/install/rosorin_description/share/ament_index/resource_index
[0.938s] creating /workspaces/ros2_ws/install/rosorin_description/share/ament_index/resource_index/packages
[0.938s] symbolically linking /workspaces/ros2_ws/build/rosorin_description/resource/rosorin_description -> /workspaces/ros2_ws/install/rosorin_description/share/ament_index/resource_index/packages
[0.938s] symbolically linking /workspaces/ros2_ws/build/rosorin_description/package.xml -> /workspaces/ros2_ws/install/rosorin_description/share/rosorin_description
[0.938s] creating /workspaces/ros2_ws/install/rosorin_description/share/rosorin_description/launch
[0.938s] symbolically linking /workspaces/ros2_ws/build/rosorin_description/launch/display.launch.py -> /workspaces/ros2_ws/install/rosorin_description/share/rosorin_description/launch
[0.938s] symbolically linking /workspaces/ros2_ws/build/rosorin_description/launch/robot_description.launch.py -> /workspaces/ros2_ws/install/rosorin_description/share/rosorin_description/launch
[0.939s] symbolically linking /workspaces/ros2_ws/build/rosorin_description/launch/rviz.launch.py -> /workspaces/ros2_ws/install/rosorin_description/share/rosorin_description/launch
[0.939s] creating /workspaces/ros2_ws/install/rosorin_description/share/rosorin_description/urdf
[0.939s] symbolically linking /workspaces/ros2_ws/build/rosorin_description/urdf/materials.xacro -> /workspaces/ros2_ws/install/rosorin_description/share/rosorin_description/urdf
[0.939s] symbolically linking /workspaces/ros2_ws/build/rosorin_description/urdf/rosorin.xacro -> /workspaces/ros2_ws/install/rosorin_description/share/rosorin_description/urdf
[0.939s] symbolically linking /workspaces/ros2_ws/build/rosorin_description/urdf/ascamera.xacro -> /workspaces/ros2_ws/install/rosorin_description/share/rosorin_description/urdf
[0.939s] symbolically linking /workspaces/ros2_ws/build/rosorin_description/urdf/dabai.xacro -> /workspaces/ros2_ws/install/rosorin_description/share/rosorin_description/urdf
[0.939s] creating /workspaces/ros2_ws/install/rosorin_description/share/rosorin_description/rviz
[0.939s] symbolically linking /workspaces/ros2_ws/build/rosorin_description/rviz/view.rviz -> /workspaces/ros2_ws/install/rosorin_description/share/rosorin_description/rviz
[0.939s] creating /workspaces/ros2_ws/install/rosorin_description/share/rosorin_description/meshes
[0.939s] symbolically linking /workspaces/ros2_ws/build/rosorin_description/meshes/left_back_wheel_link_collision.stl -> /workspaces/ros2_ws/install/rosorin_description/share/rosorin_description/meshes
[0.939s] symbolically linking /workspaces/ros2_ws/build/rosorin_description/meshes/left_back_wheel_link.stl -> /workspaces/ros2_ws/install/rosorin_description/share/rosorin_description/meshes
[0.940s] symbolically linking /workspaces/ros2_ws/build/rosorin_description/meshes/right_back_wheel_link_collision.stl -> /workspaces/ros2_ws/install/rosorin_description/share/rosorin_description/meshes
[0.940s] symbolically linking /workspaces/ros2_ws/build/rosorin_description/meshes/left_front_wheel_link.stl -> /workspaces/ros2_ws/install/rosorin_description/share/rosorin_description/meshes
[0.940s] symbolically linking /workspaces/ros2_ws/build/rosorin_description/meshes/depth_camera_link_collision.stl -> /workspaces/ros2_ws/install/rosorin_description/share/rosorin_description/meshes
[0.940s] symbolically linking /workspaces/ros2_ws/build/rosorin_description/meshes/mic_link_collision.stl -> /workspaces/ros2_ws/install/rosorin_description/share/rosorin_description/meshes
[0.940s] symbolically linking /workspaces/ros2_ws/build/rosorin_description/meshes/depth_camera_link.stl -> /workspaces/ros2_ws/install/rosorin_description/share/rosorin_description/meshes
[0.940s] symbolically linking /workspaces/ros2_ws/build/rosorin_description/meshes/dabai_cam_link_collision.stl -> /workspaces/ros2_ws/install/rosorin_description/share/rosorin_description/meshes
[0.940s] symbolically linking /workspaces/ros2_ws/build/rosorin_description/meshes/lidar_link.stl -> /workspaces/ros2_ws/install/rosorin_description/share/rosorin_description/meshes
[0.940s] symbolically linking /workspaces/ros2_ws/build/rosorin_description/meshes/right_front_wheel_link.stl -> /workspaces/ros2_ws/install/rosorin_description/share/rosorin_description/meshes
[0.940s] symbolically linking /workspaces/ros2_ws/build/rosorin_description/meshes/dabai_cam_link.STL -> /workspaces/ros2_ws/install/rosorin_description/share/rosorin_description/meshes
[0.940s] symbolically linking /workspaces/ros2_ws/build/rosorin_description/meshes/base_link.stl -> /workspaces/ros2_ws/install/rosorin_description/share/rosorin_description/meshes
[0.940s] symbolically linking /workspaces/ros2_ws/build/rosorin_description/meshes/right_back_wheel_link.stl -> /workspaces/ros2_ws/install/rosorin_description/share/rosorin_description/meshes
[0.941s] symbolically linking /workspaces/ros2_ws/build/rosorin_description/meshes/mic_link.stl -> /workspaces/ros2_ws/install/rosorin_description/share/rosorin_description/meshes
[0.941s] symbolically linking /workspaces/ros2_ws/build/rosorin_description/meshes/base_link_collision.stl -> /workspaces/ros2_ws/install/rosorin_description/share/rosorin_description/meshes
[0.941s] symbolically linking /workspaces/ros2_ws/build/rosorin_description/meshes/left_front_wheel_link_collision.stl -> /workspaces/ros2_ws/install/rosorin_description/share/rosorin_description/meshes
[0.941s] symbolically linking /workspaces/ros2_ws/build/rosorin_description/meshes/right_front_wheel_link_collision.stl -> /workspaces/ros2_ws/install/rosorin_description/share/rosorin_description/meshes
[0.941s] symbolically linking /workspaces/ros2_ws/build/rosorin_description/meshes/lidar_link_collision.stl -> /workspaces/ros2_ws/install/rosorin_description/share/rosorin_description/meshes
[0.967s] Invoked command in '/workspaces/ros2_ws/build/rosorin_description' returned '0': PYTHONPATH=/workspaces/ros2_ws/build/rosorin_description/prefix_override:/usr/lib/python3/dist-packages/colcon_core/task/python/colcon_distutils_commands:/workspaces/ros2_ws/install/rosorin_description/lib/python3.10/site-packages:${PYTHONPATH} /usr/bin/python3 -W ignore:setup.py install is deprecated -W ignore:easy_install command is deprecated setup.py develop --editable --build-directory /workspaces/ros2_ws/build/rosorin_description/build --no-deps symlink_data
