[0.531s] Invoking command in '/workspaces/ros2_ws/src/ps5': PYTHONPATH=/workspaces/ros2_ws/build/ps5/prefix_override:/usr/lib/python3/dist-packages/colcon_core/task/python/colcon_distutils_commands:/workspaces/ros2_ws/install/ps5/lib/python3.10/site-packages:${PYTHONPATH} /usr/bin/python3 -W ignore:setup.py install is deprecated -W ignore:easy_install command is deprecated setup.py egg_info --egg-base ../../build/ps5 build --build-base /workspaces/ros2_ws/build/ps5/build install --record /workspaces/ros2_ws/build/ps5/install.log --single-version-externally-managed install_data
[0.697s] running egg_info
[0.697s] writing ../../build/ps5/ps5.egg-info/PKG-INFO
[0.697s] writing dependency_links to ../../build/ps5/ps5.egg-info/dependency_links.txt
[0.698s] writing entry points to ../../build/ps5/ps5.egg-info/entry_points.txt
[0.698s] writing requirements to ../../build/ps5/ps5.egg-info/requires.txt
[0.698s] writing top-level names to ../../build/ps5/ps5.egg-info/top_level.txt
[0.699s] reading manifest file '../../build/ps5/ps5.egg-info/SOURCES.txt'
[0.700s] writing manifest file '../../build/ps5/ps5.egg-info/SOURCES.txt'
[0.700s] running build
[0.700s] running build_py
[0.700s] running install
[0.701s] running install_lib
[0.702s] running install_data
[0.702s] copying launch/ps5.launch.py -> /workspaces/ros2_ws/install/ps5/share/ps5/launch
[0.702s] running install_egg_info
[0.703s] removing '/workspaces/ros2_ws/install/ps5/lib/python3.10/site-packages/ps5-0.0.0-py3.10.egg-info' (and everything under it)
[0.703s] Copying ../../build/ps5/ps5.egg-info to /workspaces/ros2_ws/install/ps5/lib/python3.10/site-packages/ps5-0.0.0-py3.10.egg-info
[0.704s] running install_scripts
[0.726s] Installing ps5_haptic script to /workspaces/ros2_ws/install/ps5/lib/ps5
[0.726s] writing list of installed files to '/workspaces/ros2_ws/build/ps5/install.log'
[0.760s] Invoked command in '/workspaces/ros2_ws/src/ps5' returned '0': PYTHONPATH=/workspaces/ros2_ws/build/ps5/prefix_override:/usr/lib/python3/dist-packages/colcon_core/task/python/colcon_distutils_commands:/workspaces/ros2_ws/install/ps5/lib/python3.10/site-packages:${PYTHONPATH} /usr/bin/python3 -W ignore:setup.py install is deprecated -W ignore:easy_install command is deprecated setup.py egg_info --egg-base ../../build/ps5 build --build-base /workspaces/ros2_ws/build/ps5/build install --record /workspaces/ros2_ws/build/ps5/install.log --single-version-externally-managed install_data
